{"meta": {"format": 3, "version": "7.8.2", "timestamp": "2025-06-07T17:47:57.310868", "branch_coverage": false, "show_contexts": false}, "files": {"src/__init__.py": {"executed_lines": [1, 7], "summary": {"covered_lines": 1, "num_statements": 1, "percent_covered": 100.0, "percent_covered_display": "100.00", "missing_lines": 0, "excluded_lines": 0}, "missing_lines": [], "excluded_lines": [], "functions": {"": {"executed_lines": [1, 7], "summary": {"covered_lines": 1, "num_statements": 1, "percent_covered": 100.0, "percent_covered_display": "100.00", "missing_lines": 0, "excluded_lines": 0}, "missing_lines": [], "excluded_lines": []}}, "classes": {"": {"executed_lines": [1, 7], "summary": {"covered_lines": 1, "num_statements": 1, "percent_covered": 100.0, "percent_covered_display": "100.00", "missing_lines": 0, "excluded_lines": 0}, "missing_lines": [], "excluded_lines": []}}}, "src/agent_git_api.py": {"executed_lines": [2, 7, 8, 10, 13, 14, 15, 20, 21, 23, 25, 27, 50, 52, 87, 90, 92, 95, 97, 100, 102, 104, 107, 109, 130, 134, 140, 142, 144, 163, 167, 173, 175, 180, 186, 225, 228, 231, 234, 237, 240, 243], "summary": {"covered_lines": 40, "num_statements": 47, "percent_covered": 85.1063829787234, "percent_covered_display": "85.11", "missing_lines": 7, "excluded_lines": 0}, "missing_lines": [79, 81, 85, 136, 138, 169, 171], "excluded_lines": [], "functions": {"AgentGitAPI.__init__": {"executed_lines": [25], "summary": {"covered_lines": 1, "num_statements": 1, "percent_covered": 100.0, "percent_covered_display": "100.00", "missing_lines": 0, "excluded_lines": 0}, "missing_lines": [], "excluded_lines": []}, "AgentGitAPI.quick_save": {"executed_lines": [50], "summary": {"covered_lines": 1, "num_statements": 1, "percent_covered": 100.0, "percent_covered_display": "100.00", "missing_lines": 0, "excluded_lines": 0}, "missing_lines": [], "excluded_lines": []}, "AgentGitAPI.save_and_create_pr": {"executed_lines": [], "summary": {"covered_lines": 0, "num_statements": 3, "percent_covered": 0.0, "percent_covered_display": "0.00", "missing_lines": 3, "excluded_lines": 0}, "missing_lines": [79, 81, 85], "excluded_lines": []}, "AgentGitAPI.check_status": {"executed_lines": [90], "summary": {"covered_lines": 1, "num_statements": 1, "percent_covered": 100.0, "percent_covered_display": "100.00", "missing_lines": 0, "excluded_lines": 0}, "missing_lines": [], "excluded_lines": []}, "AgentGitAPI.update_from_remote": {"executed_lines": [95], "summary": {"covered_lines": 1, "num_statements": 1, "percent_covered": 100.0, "percent_covered_display": "100.00", "missing_lines": 0, "excluded_lines": 0}, "missing_lines": [], "excluded_lines": []}, "AgentGitAPI.is_clean": {"executed_lines": [100, 102], "summary": {"covered_lines": 2, "num_statements": 2, "percent_covered": 100.0, "percent_covered_display": "100.00", "missing_lines": 0, "excluded_lines": 0}, "missing_lines": [], "excluded_lines": []}, "AgentGitAPI.get_current_branch": {"executed_lines": [107], "summary": {"covered_lines": 1, "num_statements": 1, "percent_covered": 100.0, "percent_covered_display": "100.00", "missing_lines": 0, "excluded_lines": 0}, "missing_lines": [], "excluded_lines": []}, "AgentGitAPI.create_feature_branch": {"executed_lines": [130, 134, 140, 142], "summary": {"covered_lines": 4, "num_statements": 6, "percent_covered": 66.66666666666667, "percent_covered_display": "66.67", "missing_lines": 2, "excluded_lines": 0}, "missing_lines": [136, 138], "excluded_lines": []}, "AgentGitAPI.switch_branch": {"executed_lines": [163, 167, 173, 175], "summary": {"covered_lines": 4, "num_statements": 6, "percent_covered": 66.66666666666667, "percent_covered_display": "66.67", "missing_lines": 2, "excluded_lines": 0}, "missing_lines": [169, 171], "excluded_lines": []}, "save_work": {"executed_lines": [225], "summary": {"covered_lines": 1, "num_statements": 1, "percent_covered": 100.0, "percent_covered_display": "100.00", "missing_lines": 0, "excluded_lines": 0}, "missing_lines": [], "excluded_lines": []}, "create_pr": {"executed_lines": [231], "summary": {"covered_lines": 1, "num_statements": 1, "percent_covered": 100.0, "percent_covered_display": "100.00", "missing_lines": 0, "excluded_lines": 0}, "missing_lines": [], "excluded_lines": []}, "status": {"executed_lines": [237], "summary": {"covered_lines": 1, "num_statements": 1, "percent_covered": 100.0, "percent_covered_display": "100.00", "missing_lines": 0, "excluded_lines": 0}, "missing_lines": [], "excluded_lines": []}, "pull": {"executed_lines": [243], "summary": {"covered_lines": 1, "num_statements": 1, "percent_covered": 100.0, "percent_covered_display": "100.00", "missing_lines": 0, "excluded_lines": 0}, "missing_lines": [], "excluded_lines": []}, "": {"executed_lines": [2, 7, 8, 10, 13, 14, 15, 20, 21, 23, 27, 52, 87, 92, 97, 104, 109, 144, 180, 186, 228, 234, 240], "summary": {"covered_lines": 21, "num_statements": 21, "percent_covered": 100.0, "percent_covered_display": "100.00", "missing_lines": 0, "excluded_lines": 0}, "missing_lines": [], "excluded_lines": []}}, "classes": {"AgentGitAPI": {"executed_lines": [25, 50, 90, 95, 100, 102, 107, 130, 134, 140, 142, 163, 167, 173, 175], "summary": {"covered_lines": 15, "num_statements": 22, "percent_covered": 68.18181818181819, "percent_covered_display": "68.18", "missing_lines": 7, "excluded_lines": 0}, "missing_lines": [79, 81, 85, 136, 138, 169, 171], "excluded_lines": []}, "": {"executed_lines": [2, 7, 8, 10, 13, 14, 15, 20, 21, 23, 27, 52, 87, 92, 97, 104, 109, 144, 180, 186, 225, 228, 231, 234, 237, 240, 243], "summary": {"covered_lines": 25, "num_statements": 25, "percent_covered": 100.0, "percent_covered_display": "100.00", "missing_lines": 0, "excluded_lines": 0}, "missing_lines": [], "excluded_lines": []}}}, "src/cost_tracker.py": {"executed_lines": [3, 4, 5, 6, 9, 10, 17, 26, 27, 28, 30, 31, 32, 33, 36, 37, 41, 43, 45, 46, 47, 48, 49, 50, 51, 52, 59, 66, 80, 82, 83, 84, 86, 88, 90, 92, 94, 96, 97, 99, 101, 102, 104, 115, 116, 123, 124, 134, 135, 144, 146, 193, 195, 213], "summary": {"covered_lines": 53, "num_statements": 87, "percent_covered": 60.91954022988506, "percent_covered_display": "60.92", "missing_lines": 34, "excluded_lines": 0}, "missing_lines": [54, 55, 56, 57, 61, 62, 63, 64, 68, 69, 75, 76, 77, 78, 125, 136, 161, 164, 165, 168, 169, 172, 175, 184, 187, 188, 190, 191, 215, 216, 219, 224, 225, 229], "excluded_lines": [], "functions": {"CostTracker.__init__": {"executed_lines": [26, 27, 28, 30, 31, 32, 33, 36, 37, 41], "summary": {"covered_lines": 10, "num_statements": 10, "percent_covered": 100.0, "percent_covered_display": "100.00", "missing_lines": 0, "excluded_lines": 0}, "missing_lines": [], "excluded_lines": []}, "CostTracker.load_data": {"executed_lines": [45, 46, 47, 48, 49, 50, 51, 52], "summary": {"covered_lines": 8, "num_statements": 12, "percent_covered": 66.66666666666667, "percent_covered_display": "66.67", "missing_lines": 4, "excluded_lines": 0}, "missing_lines": [54, 55, 56, 57], "excluded_lines": []}, "CostTracker.reset_data": {"executed_lines": [], "summary": {"covered_lines": 0, "num_statements": 4, "percent_covered": 0.0, "percent_covered_display": "0.00", "missing_lines": 4, "excluded_lines": 0}, "missing_lines": [61, 62, 63, 64], "excluded_lines": []}, "CostTracker.save_data": {"executed_lines": [], "summary": {"covered_lines": 0, "num_statements": 6, "percent_covered": 0.0, "percent_covered_display": "0.00", "missing_lines": 6, "excluded_lines": 0}, "missing_lines": [68, 69, 75, 76, 77, 78], "excluded_lines": []}, "CostTracker.estimate_cost": {"executed_lines": [82, 83, 84], "summary": {"covered_lines": 3, "num_statements": 3, "percent_covered": 100.0, "percent_covered_display": "100.00", "missing_lines": 0, "excluded_lines": 0}, "missing_lines": [], "excluded_lines": []}, "CostTracker.get_today_key": {"executed_lines": [88], "summary": {"covered_lines": 1, "num_statements": 1, "percent_covered": 100.0, "percent_covered_display": "100.00", "missing_lines": 0, "excluded_lines": 0}, "missing_lines": [], "excluded_lines": []}, "CostTracker.get_hour_key": {"executed_lines": [92], "summary": {"covered_lines": 1, "num_statements": 1, "percent_covered": 100.0, "percent_covered_display": "100.00", "missing_lines": 0, "excluded_lines": 0}, "missing_lines": [], "excluded_lines": []}, "CostTracker.get_daily_spent": {"executed_lines": [96, 97], "summary": {"covered_lines": 2, "num_statements": 2, "percent_covered": 100.0, "percent_covered_display": "100.00", "missing_lines": 0, "excluded_lines": 0}, "missing_lines": [], "excluded_lines": []}, "CostTracker.get_hourly_spent": {"executed_lines": [101, 102], "summary": {"covered_lines": 2, "num_statements": 2, "percent_covered": 100.0, "percent_covered_display": "100.00", "missing_lines": 0, "excluded_lines": 0}, "missing_lines": [], "excluded_lines": []}, "CostTracker.can_make_call": {"executed_lines": [115, 116, 123, 124, 134, 135, 144], "summary": {"covered_lines": 7, "num_statements": 9, "percent_covered": 77.77777777777777, "percent_covered_display": "77.78", "missing_lines": 2, "excluded_lines": 0}, "missing_lines": [125, 136], "excluded_lines": []}, "CostTracker.record_call": {"executed_lines": [], "summary": {"covered_lines": 0, "num_statements": 12, "percent_covered": 0.0, "percent_covered_display": "0.00", "missing_lines": 12, "excluded_lines": 0}, "missing_lines": [161, 164, 165, 168, 169, 172, 175, 184, 187, 188, 190, 191], "excluded_lines": []}, "CostTracker.get_status": {"executed_lines": [195], "summary": {"covered_lines": 1, "num_statements": 1, "percent_covered": 100.0, "percent_covered_display": "100.00", "missing_lines": 0, "excluded_lines": 0}, "missing_lines": [], "excluded_lines": []}, "CostTracker.cleanup_old_data": {"executed_lines": [], "summary": {"covered_lines": 0, "num_statements": 6, "percent_covered": 0.0, "percent_covered_display": "0.00", "missing_lines": 6, "excluded_lines": 0}, "missing_lines": [215, 216, 219, 224, 225, 229], "excluded_lines": []}, "": {"executed_lines": [3, 4, 5, 6, 9, 10, 17, 43, 59, 66, 80, 86, 90, 94, 99, 104, 146, 193, 213], "summary": {"covered_lines": 18, "num_statements": 18, "percent_covered": 100.0, "percent_covered_display": "100.00", "missing_lines": 0, "excluded_lines": 0}, "missing_lines": [], "excluded_lines": []}}, "classes": {"CostTracker": {"executed_lines": [26, 27, 28, 30, 31, 32, 33, 36, 37, 41, 45, 46, 47, 48, 49, 50, 51, 52, 82, 83, 84, 88, 92, 96, 97, 101, 102, 115, 116, 123, 124, 134, 135, 144, 195], "summary": {"covered_lines": 35, "num_statements": 69, "percent_covered": 50.72463768115942, "percent_covered_display": "50.72", "missing_lines": 34, "excluded_lines": 0}, "missing_lines": [54, 55, 56, 57, 61, 62, 63, 64, 68, 69, 75, 76, 77, 78, 125, 136, 161, 164, 165, 168, 169, 172, 175, 184, 187, 188, 190, 191, 215, 216, 219, 224, 225, 229], "excluded_lines": []}, "": {"executed_lines": [3, 4, 5, 6, 9, 10, 17, 43, 59, 66, 80, 86, 90, 94, 99, 104, 146, 193, 213], "summary": {"covered_lines": 18, "num_statements": 18, "percent_covered": 100.0, "percent_covered_display": "100.00", "missing_lines": 0, "excluded_lines": 0}, "missing_lines": [], "excluded_lines": []}}}, "src/database.py": {"executed_lines": [2, 7, 8, 9, 10, 12, 25, 30, 33, 36, 37, 39, 41, 42, 43, 44, 45, 46, 47, 48, 49, 50, 51, 52, 58, 59, 60, 61, 62, 63, 64, 66, 68, 97, 98, 100, 101, 103, 106, 107, 109, 110, 111, 115, 117, 118, 120, 121, 123, 124, 125, 126, 131, 133, 135, 137, 142, 143, 144, 145, 146, 148, 150, 151, 154, 156, 160, 162, 165, 171, 172, 174, 180, 181, 183, 185, 186, 191, 193, 204, 208, 216, 226, 228, 230, 235, 238, 243, 245, 248, 250, 257, 259, 263, 266, 269, 270, 271, 272, 275, 280], "summary": {"covered_lines": 98, "num_statements": 116, "percent_covered": 84.48275862068965, "percent_covered_display": "84.48", "missing_lines": 18, "excluded_lines": 0}, "missing_lines": [127, 128, 129, 138, 195, 196, 202, 206, 210, 211, 214, 218, 219, 220, 277, 283, 284, 285], "excluded_lines": [], "functions": {"Task.to_dict": {"executed_lines": [68], "summary": {"covered_lines": 1, "num_statements": 1, "percent_covered": 100.0, "percent_covered_display": "100.00", "missing_lines": 0, "excluded_lines": 0}, "missing_lines": [], "excluded_lines": []}, "DatabaseManager.__init__": {"executed_lines": [101, 103, 106, 107, 109, 110, 111], "summary": {"covered_lines": 7, "num_statements": 7, "percent_covered": 100.0, "percent_covered_display": "100.00", "missing_lines": 0, "excluded_lines": 0}, "missing_lines": [], "excluded_lines": []}, "DatabaseManager.init_database": {"executed_lines": [117, 118], "summary": {"covered_lines": 2, "num_statements": 2, "percent_covered": 100.0, "percent_covered_display": "100.00", "missing_lines": 0, "excluded_lines": 0}, "missing_lines": [], "excluded_lines": []}, "DatabaseManager.get_session": {"executed_lines": [123, 124, 125, 126, 131], "summary": {"covered_lines": 5, "num_statements": 8, "percent_covered": 62.5, "percent_covered_display": "62.50", "missing_lines": 3, "excluded_lines": 0}, "missing_lines": [127, 128, 129], "excluded_lines": []}, "DatabaseManager.create_task": {"executed_lines": [135, 137, 142, 143, 144, 145, 146], "summary": {"covered_lines": 7, "num_statements": 8, "percent_covered": 87.5, "percent_covered_display": "87.50", "missing_lines": 1, "excluded_lines": 0}, "missing_lines": [138], "excluded_lines": []}, "DatabaseManager.get_task": {"executed_lines": [150, 151, 154], "summary": {"covered_lines": 3, "num_statements": 3, "percent_covered": 100.0, "percent_covered_display": "100.00", "missing_lines": 0, "excluded_lines": 0}, "missing_lines": [], "excluded_lines": []}, "DatabaseManager.update_task": {"executed_lines": [160, 162, 165, 171, 172, 174, 180, 181], "summary": {"covered_lines": 8, "num_statements": 8, "percent_covered": 100.0, "percent_covered_display": "100.00", "missing_lines": 0, "excluded_lines": 0}, "missing_lines": [], "excluded_lines": []}, "DatabaseManager.get_active_tasks": {"executed_lines": [185, 186, 191], "summary": {"covered_lines": 3, "num_statements": 3, "percent_covered": 100.0, "percent_covered_display": "100.00", "missing_lines": 0, "excluded_lines": 0}, "missing_lines": [], "excluded_lines": []}, "DatabaseManager.get_completed_tasks": {"executed_lines": [], "summary": {"covered_lines": 0, "num_statements": 3, "percent_covered": 0.0, "percent_covered_display": "0.00", "missing_lines": 3, "excluded_lines": 0}, "missing_lines": [195, 196, 202], "excluded_lines": []}, "DatabaseManager.mark_task_inactive": {"executed_lines": [], "summary": {"covered_lines": 0, "num_statements": 1, "percent_covered": 0.0, "percent_covered_display": "0.00", "missing_lines": 1, "excluded_lines": 0}, "missing_lines": [206], "excluded_lines": []}, "DatabaseManager.get_all_tasks": {"executed_lines": [], "summary": {"covered_lines": 0, "num_statements": 3, "percent_covered": 0.0, "percent_covered_display": "0.00", "missing_lines": 3, "excluded_lines": 0}, "missing_lines": [210, 211, 214], "excluded_lines": []}, "DatabaseManager.delete_old_tasks": {"executed_lines": [], "summary": {"covered_lines": 0, "num_statements": 3, "percent_covered": 0.0, "percent_covered_display": "0.00", "missing_lines": 3, "excluded_lines": 0}, "missing_lines": [218, 219, 220], "excluded_lines": []}, "DatabaseManager.get_task_statistics": {"executed_lines": [228, 230, 235, 238, 243, 245, 248, 250], "summary": {"covered_lines": 8, "num_statements": 8, "percent_covered": 100.0, "percent_covered_display": "100.00", "missing_lines": 0, "excluded_lines": 0}, "missing_lines": [], "excluded_lines": []}, "DatabaseManager.close": {"executed_lines": [259], "summary": {"covered_lines": 1, "num_statements": 1, "percent_covered": 100.0, "percent_covered_display": "100.00", "missing_lines": 0, "excluded_lines": 0}, "missing_lines": [], "excluded_lines": []}, "get_database": {"executed_lines": [269, 270, 271, 272], "summary": {"covered_lines": 4, "num_statements": 4, "percent_covered": 100.0, "percent_covered_display": "100.00", "missing_lines": 0, "excluded_lines": 0}, "missing_lines": [], "excluded_lines": []}, "init_database": {"executed_lines": [], "summary": {"covered_lines": 0, "num_statements": 1, "percent_covered": 0.0, "percent_covered_display": "0.00", "missing_lines": 1, "excluded_lines": 0}, "missing_lines": [277], "excluded_lines": []}, "close_database": {"executed_lines": [], "summary": {"covered_lines": 0, "num_statements": 3, "percent_covered": 0.0, "percent_covered_display": "0.00", "missing_lines": 3, "excluded_lines": 0}, "missing_lines": [283, 284, 285], "excluded_lines": []}, "": {"executed_lines": [2, 7, 8, 9, 10, 12, 25, 30, 33, 36, 37, 39, 41, 42, 43, 44, 45, 46, 47, 48, 49, 50, 51, 52, 58, 59, 60, 61, 62, 63, 64, 66, 97, 98, 100, 115, 120, 121, 133, 148, 156, 183, 193, 204, 208, 216, 226, 257, 263, 266, 275, 280], "summary": {"covered_lines": 49, "num_statements": 49, "percent_covered": 100.0, "percent_covered_display": "100.00", "missing_lines": 0, "excluded_lines": 0}, "missing_lines": [], "excluded_lines": []}}, "classes": {"Task": {"executed_lines": [68], "summary": {"covered_lines": 1, "num_statements": 1, "percent_covered": 100.0, "percent_covered_display": "100.00", "missing_lines": 0, "excluded_lines": 0}, "missing_lines": [], "excluded_lines": []}, "DatabaseManager": {"executed_lines": [101, 103, 106, 107, 109, 110, 111, 117, 118, 123, 124, 125, 126, 131, 135, 137, 142, 143, 144, 145, 146, 150, 151, 154, 160, 162, 165, 171, 172, 174, 180, 181, 185, 186, 191, 228, 230, 235, 238, 243, 245, 248, 250, 259], "summary": {"covered_lines": 44, "num_statements": 58, "percent_covered": 75.86206896551724, "percent_covered_display": "75.86", "missing_lines": 14, "excluded_lines": 0}, "missing_lines": [127, 128, 129, 138, 195, 196, 202, 206, 210, 211, 214, 218, 219, 220], "excluded_lines": []}, "": {"executed_lines": [2, 7, 8, 9, 10, 12, 25, 30, 33, 36, 37, 39, 41, 42, 43, 44, 45, 46, 47, 48, 49, 50, 51, 52, 58, 59, 60, 61, 62, 63, 64, 66, 97, 98, 100, 115, 120, 121, 133, 148, 156, 183, 193, 204, 208, 216, 226, 257, 263, 266, 269, 270, 271, 272, 275, 280], "summary": {"covered_lines": 53, "num_statements": 57, "percent_covered": 92.98245614035088, "percent_covered_display": "92.98", "missing_lines": 4, "excluded_lines": 0}, "missing_lines": [277, 283, 284, 285], "excluded_lines": []}}}, "src/pr_reviewers.py": {"executed_lines": [2, 12, 13, 14, 15, 16, 17, 18, 19, 21, 24, 25, 26, 28, 29, 30, 31, 32, 35, 36, 38, 39, 40, 41, 43, 45, 46, 47, 48, 50, 52, 53, 54, 55, 61, 63, 204, 208, 209, 211, 212, 214, 215, 218, 219, 224, 228, 231, 232, 234, 235, 238, 239, 244, 246, 255, 257, 260, 261, 262, 263, 264, 266, 269, 270, 272, 275, 277, 281, 282, 284, 285, 289, 290, 296, 301, 310, 313, 315, 320, 321, 324, 325, 330, 334, 341, 360, 361, 367, 369, 370, 380, 388, 389, 392, 393, 396, 397, 401, 402, 405, 406, 408, 409, 410, 411, 415, 417, 419, 426, 427, 432, 435, 436, 439, 444, 446, 449, 466, 476, 482, 483, 496, 501, 503, 510, 511, 512, 513, 515, 525, 527, 536, 540, 543, 547], "summary": {"covered_lines": 133, "num_statements": 159, "percent_covered": 83.64779874213836, "percent_covered_display": "83.65", "missing_lines": 26, "excluded_lines": 0}, "missing_lines": [220, 221, 222, 229, 240, 241, 242, 258, 273, 298, 299, 311, 326, 327, 328, 335, 372, 373, 394, 398, 450, 455, 458, 461, 464, 489], "excluded_lines": [], "functions": {"PRReviewSystem.__init__": {"executed_lines": [39, 40, 41], "summary": {"covered_lines": 3, "num_statements": 3, "percent_covered": 100.0, "percent_covered_display": "100.00", "missing_lines": 0, "excluded_lines": 0}, "missing_lines": [], "excluded_lines": []}, "PRReviewSystem._get_anthropic_client": {"executed_lines": [45, 46, 47, 48], "summary": {"covered_lines": 4, "num_statements": 4, "percent_covered": 100.0, "percent_covered_display": "100.00", "missing_lines": 0, "excluded_lines": 0}, "missing_lines": [], "excluded_lines": []}, "PRReviewSystem._get_github_headers": {"executed_lines": [52, 53, 54, 55], "summary": {"covered_lines": 4, "num_statements": 4, "percent_covered": 100.0, "percent_covered_display": "100.00", "missing_lines": 0, "excluded_lines": 0}, "missing_lines": [], "excluded_lines": []}, "PRReviewSystem._define_reviewer_personas": {"executed_lines": [63], "summary": {"covered_lines": 1, "num_statements": 1, "percent_covered": 100.0, "percent_covered_display": "100.00", "missing_lines": 0, "excluded_lines": 0}, "missing_lines": [], "excluded_lines": []}, "PRReviewSystem.get_pr_details": {"executed_lines": [208, 209, 211, 212, 214, 215, 218, 219], "summary": {"covered_lines": 8, "num_statements": 11, "percent_covered": 72.72727272727273, "percent_covered_display": "72.73", "missing_lines": 3, "excluded_lines": 0}, "missing_lines": [220, 221, 222], "excluded_lines": []}, "PRReviewSystem.get_pr_files": {"executed_lines": [228, 231, 232, 234, 235, 238, 239], "summary": {"covered_lines": 7, "num_statements": 11, "percent_covered": 63.63636363636363, "percent_covered_display": "63.64", "missing_lines": 4, "excluded_lines": 0}, "missing_lines": [229, 240, 241, 242], "excluded_lines": []}, "PRReviewSystem._format_pr_info": {"executed_lines": [246], "summary": {"covered_lines": 1, "num_statements": 1, "percent_covered": 100.0, "percent_covered_display": "100.00", "missing_lines": 0, "excluded_lines": 0}, "missing_lines": [], "excluded_lines": []}, "PRReviewSystem._format_file_changes": {"executed_lines": [257, 260, 261, 262, 263, 264, 266, 269, 270, 272, 275], "summary": {"covered_lines": 11, "num_statements": 13, "percent_covered": 84.61538461538461, "percent_covered_display": "84.62", "missing_lines": 2, "excluded_lines": 0}, "missing_lines": [258, 273], "excluded_lines": []}, "PRReviewSystem.generate_review": {"executed_lines": [281, 282, 284, 285, 289, 290, 296], "summary": {"covered_lines": 7, "num_statements": 9, "percent_covered": 77.77777777777777, "percent_covered_display": "77.78", "missing_lines": 2, "excluded_lines": 0}, "missing_lines": [298, 299], "excluded_lines": []}, "PRReviewSystem.post_review_comment": {"executed_lines": [310, 313, 315, 320, 321, 324, 325], "summary": {"covered_lines": 7, "num_statements": 11, "percent_covered": 63.63636363636363, "percent_covered_display": "63.64", "missing_lines": 4, "excluded_lines": 0}, "missing_lines": [311, 326, 327, 328], "excluded_lines": []}, "PRReviewSystem.analyze_review_sentiment": {"executed_lines": [334, 341, 360, 361, 367, 369, 370], "summary": {"covered_lines": 7, "num_statements": 10, "percent_covered": 70.0, "percent_covered_display": "70.00", "missing_lines": 3, "excluded_lines": 0}, "missing_lines": [335, 372, 373], "excluded_lines": []}, "PRReviewSystem.conduct_multi_role_review": {"executed_lines": [388, 389, 392, 393, 396, 397, 401, 402, 405, 406, 408, 409, 410, 411, 415, 417, 419, 426, 427, 432, 435, 436, 439, 444, 446, 449, 466], "summary": {"covered_lines": 27, "num_statements": 34, "percent_covered": 79.41176470588235, "percent_covered_display": "79.41", "missing_lines": 7, "excluded_lines": 0}, "missing_lines": [394, 398, 450, 455, 458, 461, 464], "excluded_lines": []}, "PRReviewSystem._create_consolidated_review_with_decision": {"executed_lines": [482, 483, 496, 501, 503, 510, 511, 512, 513, 515, 525, 527, 536], "summary": {"covered_lines": 13, "num_statements": 14, "percent_covered": 92.85714285714286, "percent_covered_display": "92.86", "missing_lines": 1, "excluded_lines": 0}, "missing_lines": [489], "excluded_lines": []}, "review_pr_with_multiple_roles": {"executed_lines": [547], "summary": {"covered_lines": 1, "num_statements": 1, "percent_covered": 100.0, "percent_covered_display": "100.00", "missing_lines": 0, "excluded_lines": 0}, "missing_lines": [], "excluded_lines": []}, "": {"executed_lines": [2, 12, 13, 14, 15, 16, 17, 18, 19, 21, 24, 25, 26, 28, 29, 30, 31, 32, 35, 36, 38, 43, 50, 61, 204, 224, 244, 255, 277, 301, 330, 380, 476, 540, 543], "summary": {"covered_lines": 32, "num_statements": 32, "percent_covered": 100.0, "percent_covered_display": "100.00", "missing_lines": 0, "excluded_lines": 0}, "missing_lines": [], "excluded_lines": []}}, "classes": {"ReviewerPersona": {"executed_lines": [], "summary": {"covered_lines": 0, "num_statements": 0, "percent_covered": 100.0, "percent_covered_display": "100.00", "missing_lines": 0, "excluded_lines": 0}, "missing_lines": [], "excluded_lines": []}, "PRReviewSystem": {"executed_lines": [39, 40, 41, 45, 46, 47, 48, 52, 53, 54, 55, 63, 208, 209, 211, 212, 214, 215, 218, 219, 228, 231, 232, 234, 235, 238, 239, 246, 257, 260, 261, 262, 263, 264, 266, 269, 270, 272, 275, 281, 282, 284, 285, 289, 290, 296, 310, 313, 315, 320, 321, 324, 325, 334, 341, 360, 361, 367, 369, 370, 388, 389, 392, 393, 396, 397, 401, 402, 405, 406, 408, 409, 410, 411, 415, 417, 419, 426, 427, 432, 435, 436, 439, 444, 446, 449, 466, 482, 483, 496, 501, 503, 510, 511, 512, 513, 515, 525, 527, 536], "summary": {"covered_lines": 100, "num_statements": 126, "percent_covered": 79.36507936507937, "percent_covered_display": "79.37", "missing_lines": 26, "excluded_lines": 0}, "missing_lines": [220, 221, 222, 229, 240, 241, 242, 258, 273, 298, 299, 311, 326, 327, 328, 335, 372, 373, 394, 398, 450, 455, 458, 461, 464, 489], "excluded_lines": []}, "": {"executed_lines": [2, 12, 13, 14, 15, 16, 17, 18, 19, 21, 24, 25, 26, 28, 29, 30, 31, 32, 35, 36, 38, 43, 50, 61, 204, 224, 244, 255, 277, 301, 330, 380, 476, 540, 543, 547], "summary": {"covered_lines": 33, "num_statements": 33, "percent_covered": 100.0, "percent_covered_display": "100.00", "missing_lines": 0, "excluded_lines": 0}, "missing_lines": [], "excluded_lines": []}}}, "src/summit.py": {"executed_lines": [3, 4, 5, 6, 7, 8, 10, 11, 12, 13, 14, 16, 18, 21, 23, 25, 38, 41, 49, 50, 51, 52, 53, 57, 59, 60, 61, 62, 69, 72, 73, 75, 76, 79, 80, 86, 87, 89, 90, 92, 97, 98, 100, 101, 105, 109, 112, 115, 116, 218, 222, 224, 225, 228, 229, 231, 233, 238, 241, 242, 244, 246, 250, 253, 255, 262, 270, 273, 275, 281, 282, 537, 544, 545, 546, 550, 552, 560, 561, 564, 566, 569, 578, 584, 586, 587, 590, 592, 593, 594, 596, 599, 600, 604, 610, 612, 613, 616, 618, 619, 620, 622, 625, 626, 630, 636, 638, 639, 642, 644, 645, 646, 649, 650, 652, 658, 660, 661, 664, 666, 667, 668, 670, 676, 678, 679, 682, 684, 685, 686, 688, 693, 702, 703, 708, 710, 718, 719, 722, 724, 725, 737, 741, 743, 744, 747, 748, 751, 753, 803, 804, 810, 816, 906, 916], "summary": {"covered_lines": 154, "num_statements": 273, "percent_covered": 56.41025641025641, "percent_covered_display": "56.41", "missing_lines": 119, "excluded_lines": 3}, "missing_lines": [26, 28, 102, 103, 118, 230, 251, 277, 278, 287, 288, 289, 291, 292, 294, 296, 298, 299, 300, 301, 303, 318, 320, 321, 324, 330, 343, 344, 346, 348, 349, 350, 351, 353, 354, 356, 358, 359, 360, 368, 373, 376, 379, 385, 395, 397, 398, 404, 405, 407, 410, 417, 418, 420, 421, 422, 427, 428, 429, 430, 432, 434, 436, 437, 443, 444, 445, 447, 448, 450, 452, 461, 481, 483, 490, 492, 493, 499, 500, 502, 503, 505, 507, 508, 509, 510, 513, 515, 524, 526, 527, 534, 580, 581, 588, 606, 607, 614, 632, 633, 640, 654, 655, 662, 672, 673, 680, 689, 690, 704, 733, 734, 749, 812, 813, 832, 903, 908, 909], "excluded_lines": [916, 917, 921], "functions": {"get_anthropic_client": {"executed_lines": [50, 51, 52, 53], "summary": {"covered_lines": 4, "num_statements": 4, "percent_covered": 100.0, "percent_covered_display": "100.00", "missing_lines": 0, "excluded_lines": 0}, "missing_lines": [], "excluded_lines": []}, "get_github_headers": {"executed_lines": [59, 60, 61, 62], "summary": {"covered_lines": 4, "num_statements": 4, "percent_covered": 100.0, "percent_covered_display": "100.00", "missing_lines": 0, "excluded_lines": 0}, "missing_lines": [], "excluded_lines": []}, "get_github_repo_info": {"executed_lines": [72, 73, 75, 76, 79, 80, 86, 87, 89, 90, 92, 97, 98, 100, 101, 105], "summary": {"covered_lines": 16, "num_statements": 18, "percent_covered": 88.88888888888889, "percent_covered_display": "88.89", "missing_lines": 2, "excluded_lines": 0}, "missing_lines": [102, 103], "excluded_lines": []}, "handle_list_tools": {"executed_lines": [], "summary": {"covered_lines": 0, "num_statements": 1, "percent_covered": 0.0, "percent_covered_display": "0.00", "missing_lines": 1, "excluded_lines": 0}, "missing_lines": [118], "excluded_lines": []}, "get_advice_from_claude": {"executed_lines": [222, 224, 225, 228, 229, 231, 233, 238, 241, 242, 244, 246, 250, 253, 255, 262, 270, 273, 275], "summary": {"covered_lines": 19, "num_statements": 23, "percent_covered": 82.6086956521739, "percent_covered_display": "82.61", "missing_lines": 4, "excluded_lines": 0}, "missing_lines": [230, 251, 277, 278], "excluded_lines": []}, "handle_call_tool": {"executed_lines": [], "summary": {"covered_lines": 0, "num_statements": 83, "percent_covered": 0.0, "percent_covered_display": "0.00", "missing_lines": 83, "excluded_lines": 0}, "missing_lines": [287, 288, 289, 291, 292, 294, 296, 298, 299, 300, 301, 303, 318, 320, 321, 324, 330, 343, 344, 346, 348, 349, 350, 351, 353, 354, 356, 358, 359, 360, 368, 373, 376, 379, 385, 395, 397, 398, 404, 405, 407, 410, 417, 418, 420, 421, 422, 427, 428, 429, 430, 432, 434, 436, 437, 443, 444, 445, 447, 448, 450, 452, 461, 481, 483, 490, 492, 493, 499, 500, 502, 503, 505, 507, 508, 509, 510, 513, 515, 524, 526, 527, 534], "excluded_lines": []}, "create_codespace": {"executed_lines": [544, 545, 546, 550, 552, 560, 561, 564, 566, 569, 578], "summary": {"covered_lines": 11, "num_statements": 13, "percent_covered": 84.61538461538461, "percent_covered_display": "84.62", "missing_lines": 2, "excluded_lines": 0}, "missing_lines": [580, 581], "excluded_lines": []}, "start_codespace": {"executed_lines": [586, 587, 590, 592, 593, 594, 596, 599, 600, 604], "summary": {"covered_lines": 10, "num_statements": 13, "percent_covered": 76.92307692307692, "percent_covered_display": "76.92", "missing_lines": 3, "excluded_lines": 0}, "missing_lines": [588, 606, 607], "excluded_lines": []}, "stop_codespace": {"executed_lines": [612, 613, 616, 618, 619, 620, 622, 625, 626, 630], "summary": {"covered_lines": 10, "num_statements": 13, "percent_covered": 76.92307692307692, "percent_covered_display": "76.92", "missing_lines": 3, "excluded_lines": 0}, "missing_lines": [614, 632, 633], "excluded_lines": []}, "delete_codespace": {"executed_lines": [638, 639, 642, 644, 645, 646, 649, 650, 652], "summary": {"covered_lines": 9, "num_statements": 12, "percent_covered": 75.0, "percent_covered_display": "75.00", "missing_lines": 3, "excluded_lines": 0}, "missing_lines": [640, 654, 655], "excluded_lines": []}, "get_codespace_status": {"executed_lines": [660, 661, 664, 666, 667, 668, 670], "summary": {"covered_lines": 7, "num_statements": 10, "percent_covered": 70.0, "percent_covered_display": "70.00", "missing_lines": 3, "excluded_lines": 0}, "missing_lines": [662, 672, 673], "excluded_lines": []}, "list_user_codespaces": {"executed_lines": [678, 679, 682, 684, 685, 686, 688], "summary": {"covered_lines": 7, "num_statements": 10, "percent_covered": 70.0, "percent_covered_display": "70.00", "missing_lines": 3, "excluded_lines": 0}, "missing_lines": [680, 689, 690], "excluded_lines": []}, "create_pull_request": {"executed_lines": [702, 703, 708, 710, 718, 719, 722, 724, 725], "summary": {"covered_lines": 9, "num_statements": 12, "percent_covered": 75.0, "percent_covered_display": "75.00", "missing_lines": 3, "excluded_lines": 0}, "missing_lines": [704, 733, 734], "excluded_lines": []}, "plan_capability_implementation": {"executed_lines": [741, 743, 744, 747, 748, 751, 753, 803, 804, 810], "summary": {"covered_lines": 10, "num_statements": 13, "percent_covered": 76.92307692307692, "percent_covered_display": "76.92", "missing_lines": 3, "excluded_lines": 0}, "missing_lines": [749, 812, 813], "excluded_lines": []}, "implement_capability_in_codespace": {"executed_lines": [], "summary": {"covered_lines": 0, "num_statements": 2, "percent_covered": 0.0, "percent_covered_display": "0.00", "missing_lines": 2, "excluded_lines": 0}, "missing_lines": [832, 903], "excluded_lines": []}, "main": {"executed_lines": [], "summary": {"covered_lines": 0, "num_statements": 2, "percent_covered": 0.0, "percent_covered_display": "0.00", "missing_lines": 2, "excluded_lines": 0}, "missing_lines": [908, 909], "excluded_lines": []}, "": {"executed_lines": [3, 4, 5, 6, 7, 8, 10, 11, 12, 13, 14, 16, 18, 21, 23, 25, 38, 41, 49, 57, 69, 109, 112, 115, 116, 218, 281, 282, 537, 584, 610, 636, 658, 676, 693, 737, 816, 906, 916], "summary": {"covered_lines": 38, "num_statements": 40, "percent_covered": 95.0, "percent_covered_display": "95.00", "missing_lines": 2, "excluded_lines": 3}, "missing_lines": [26, 28], "excluded_lines": [916, 917, 921]}}, "classes": {"": {"executed_lines": [3, 4, 5, 6, 7, 8, 10, 11, 12, 13, 14, 16, 18, 21, 23, 25, 38, 41, 49, 50, 51, 52, 53, 57, 59, 60, 61, 62, 69, 72, 73, 75, 76, 79, 80, 86, 87, 89, 90, 92, 97, 98, 100, 101, 105, 109, 112, 115, 116, 218, 222, 224, 225, 228, 229, 231, 233, 238, 241, 242, 244, 246, 250, 253, 255, 262, 270, 273, 275, 281, 282, 537, 544, 545, 546, 550, 552, 560, 561, 564, 566, 569, 578, 584, 586, 587, 590, 592, 593, 594, 596, 599, 600, 604, 610, 612, 613, 616, 618, 619, 620, 622, 625, 626, 630, 636, 638, 639, 642, 644, 645, 646, 649, 650, 652, 658, 660, 661, 664, 666, 667, 668, 670, 676, 678, 679, 682, 684, 685, 686, 688, 693, 702, 703, 708, 710, 718, 719, 722, 724, 725, 737, 741, 743, 744, 747, 748, 751, 753, 803, 804, 810, 816, 906, 916], "summary": {"covered_lines": 154, "num_statements": 273, "percent_covered": 56.41025641025641, "percent_covered_display": "56.41", "missing_lines": 119, "excluded_lines": 3}, "missing_lines": [26, 28, 102, 103, 118, 230, 251, 277, 278, 287, 288, 289, 291, 292, 294, 296, 298, 299, 300, 301, 303, 318, 320, 321, 324, 330, 343, 344, 346, 348, 349, 350, 351, 353, 354, 356, 358, 359, 360, 368, 373, 376, 379, 385, 395, 397, 398, 404, 405, 407, 410, 417, 418, 420, 421, 422, 427, 428, 429, 430, 432, 434, 436, 437, 443, 444, 445, 447, 448, 450, 452, 461, 481, 483, 490, 492, 493, 499, 500, 502, 503, 505, 507, 508, 509, 510, 513, 515, 524, 526, 527, 534, 580, 581, 588, 606, 607, 614, 632, 633, 640, 654, 655, 662, 672, 673, 680, 689, 690, 704, 733, 734, 749, 812, 813, 832, 903, 908, 909], "excluded_lines": [916, 917, 921]}}}, "src/task_manager.py": {"executed_lines": [2, 7, 9, 12, 19, 20, 21, 22, 23, 24, 25, 28, 30, 31, 32, 33, 34, 35, 38, 42, 43, 49, 51, 52, 55, 59, 60, 64, 65, 66, 69, 71, 72, 73], "summary": {"covered_lines": 33, "num_statements": 33, "percent_covered": 100.0, "percent_covered_display": "100.00", "missing_lines": 0, "excluded_lines": 0}, "missing_lines": [], "excluded_lines": [], "functions": {"update_task_status": {"executed_lines": [19, 20, 21, 22, 23, 24, 25], "summary": {"covered_lines": 7, "num_statements": 7, "percent_covered": 100.0, "percent_covered_display": "100.00", "missing_lines": 0, "excluded_lines": 0}, "missing_lines": [], "excluded_lines": []}, "add_task_log": {"executed_lines": [30, 31, 32, 33, 34, 35], "summary": {"covered_lines": 6, "num_statements": 6, "percent_covered": 100.0, "percent_covered_display": "100.00", "missing_lines": 0, "excluded_lines": 0}, "missing_lines": [], "excluded_lines": []}, "update_task_container_info": {"executed_lines": [42, 43], "summary": {"covered_lines": 2, "num_statements": 2, "percent_covered": 100.0, "percent_covered_display": "100.00", "missing_lines": 0, "excluded_lines": 0}, "missing_lines": [], "excluded_lines": []}, "update_task_log_file": {"executed_lines": [51, 52], "summary": {"covered_lines": 2, "num_statements": 2, "percent_covered": 100.0, "percent_covered_display": "100.00", "missing_lines": 0, "excluded_lines": 0}, "missing_lines": [], "excluded_lines": []}, "mark_task_completed": {"executed_lines": [59, 60, 64, 65, 66], "summary": {"covered_lines": 5, "num_statements": 5, "percent_covered": 100.0, "percent_covered_display": "100.00", "missing_lines": 0, "excluded_lines": 0}, "missing_lines": [], "excluded_lines": []}, "get_task_data": {"executed_lines": [71, 72, 73], "summary": {"covered_lines": 3, "num_statements": 3, "percent_covered": 100.0, "percent_covered_display": "100.00", "missing_lines": 0, "excluded_lines": 0}, "missing_lines": [], "excluded_lines": []}, "": {"executed_lines": [2, 7, 9, 12, 28, 38, 49, 55, 69], "summary": {"covered_lines": 8, "num_statements": 8, "percent_covered": 100.0, "percent_covered_display": "100.00", "missing_lines": 0, "excluded_lines": 0}, "missing_lines": [], "excluded_lines": []}}, "classes": {"": {"executed_lines": [2, 7, 9, 12, 19, 20, 21, 22, 23, 24, 25, 28, 30, 31, 32, 33, 34, 35, 38, 42, 43, 49, 51, 52, 55, 59, 60, 64, 65, 66, 69, 71, 72, 73], "summary": {"covered_lines": 33, "num_statements": 33, "percent_covered": 100.0, "percent_covered_display": "100.00", "missing_lines": 0, "excluded_lines": 0}, "missing_lines": [], "excluded_lines": []}}}}, "totals": {"covered_lines": 512, "num_statements": 716, "percent_covered": 71.50837988826815, "percent_covered_display": "71.51", "missing_lines": 204, "excluded_lines": 3}}