{"meta": {"format": 3, "version": "7.8.2", "timestamp": "2025-06-07T15:34:19.076357", "branch_coverage": false, "show_contexts": false}, "files": {"src/agent_git_api.py": {"executed_lines": [2, 7, 8, 11, 12, 13, 16, 24, 26, 30, 32, 36, 60, 64, 106, 110, 114, 118, 122, 126, 128, 132, 136, 140, 162, 168, 176, 178, 182, 202, 208, 216, 218, 226, 234, 274, 280, 284, 290, 294, 300, 304], "summary": {"covered_lines": 40, "num_statements": 47, "percent_covered": 85.1063829787234, "percent_covered_display": "85.11", "missing_lines": 7, "excluded_lines": 0}, "missing_lines": [94, 96, 102, 170, 172, 210, 212], "excluded_lines": [], "functions": {"AgentGitAPI.__init__": {"executed_lines": [32], "summary": {"covered_lines": 1, "num_statements": 1, "percent_covered": 100.0, "percent_covered_display": "100.00", "missing_lines": 0, "excluded_lines": 0}, "missing_lines": [], "excluded_lines": []}, "AgentGitAPI.quick_save": {"executed_lines": [60], "summary": {"covered_lines": 1, "num_statements": 1, "percent_covered": 100.0, "percent_covered_display": "100.00", "missing_lines": 0, "excluded_lines": 0}, "missing_lines": [], "excluded_lines": []}, "AgentGitAPI.save_and_create_pr": {"executed_lines": [], "summary": {"covered_lines": 0, "num_statements": 3, "percent_covered": 0.0, "percent_covered_display": "0.00", "missing_lines": 3, "excluded_lines": 0}, "missing_lines": [94, 96, 102], "excluded_lines": []}, "AgentGitAPI.check_status": {"executed_lines": [110], "summary": {"covered_lines": 1, "num_statements": 1, "percent_covered": 100.0, "percent_covered_display": "100.00", "missing_lines": 0, "excluded_lines": 0}, "missing_lines": [], "excluded_lines": []}, "AgentGitAPI.update_from_remote": {"executed_lines": [118], "summary": {"covered_lines": 1, "num_statements": 1, "percent_covered": 100.0, "percent_covered_display": "100.00", "missing_lines": 0, "excluded_lines": 0}, "missing_lines": [], "excluded_lines": []}, "AgentGitAPI.is_clean": {"executed_lines": [126, 128], "summary": {"covered_lines": 2, "num_statements": 2, "percent_covered": 100.0, "percent_covered_display": "100.00", "missing_lines": 0, "excluded_lines": 0}, "missing_lines": [], "excluded_lines": []}, "AgentGitAPI.get_current_branch": {"executed_lines": [136], "summary": {"covered_lines": 1, "num_statements": 1, "percent_covered": 100.0, "percent_covered_display": "100.00", "missing_lines": 0, "excluded_lines": 0}, "missing_lines": [], "excluded_lines": []}, "AgentGitAPI.create_feature_branch": {"executed_lines": [162, 168, 176, 178], "summary": {"covered_lines": 4, "num_statements": 6, "percent_covered": 66.66666666666667, "percent_covered_display": "66.67", "missing_lines": 2, "excluded_lines": 0}, "missing_lines": [170, 172], "excluded_lines": []}, "AgentGitAPI.switch_branch": {"executed_lines": [202, 208, 216, 218], "summary": {"covered_lines": 4, "num_statements": 6, "percent_covered": 66.66666666666667, "percent_covered_display": "66.67", "missing_lines": 2, "excluded_lines": 0}, "missing_lines": [210, 212], "excluded_lines": []}, "save_work": {"executed_lines": [274], "summary": {"covered_lines": 1, "num_statements": 1, "percent_covered": 100.0, "percent_covered_display": "100.00", "missing_lines": 0, "excluded_lines": 0}, "missing_lines": [], "excluded_lines": []}, "create_pr": {"executed_lines": [284], "summary": {"covered_lines": 1, "num_statements": 1, "percent_covered": 100.0, "percent_covered_display": "100.00", "missing_lines": 0, "excluded_lines": 0}, "missing_lines": [], "excluded_lines": []}, "status": {"executed_lines": [294], "summary": {"covered_lines": 1, "num_statements": 1, "percent_covered": 100.0, "percent_covered_display": "100.00", "missing_lines": 0, "excluded_lines": 0}, "missing_lines": [], "excluded_lines": []}, "pull": {"executed_lines": [304], "summary": {"covered_lines": 1, "num_statements": 1, "percent_covered": 100.0, "percent_covered_display": "100.00", "missing_lines": 0, "excluded_lines": 0}, "missing_lines": [], "excluded_lines": []}, "": {"executed_lines": [2, 7, 8, 11, 12, 13, 16, 24, 26, 30, 36, 64, 106, 114, 122, 132, 140, 182, 226, 234, 280, 290, 300], "summary": {"covered_lines": 21, "num_statements": 21, "percent_covered": 100.0, "percent_covered_display": "100.00", "missing_lines": 0, "excluded_lines": 0}, "missing_lines": [], "excluded_lines": []}}, "classes": {"AgentGitAPI": {"executed_lines": [32, 60, 110, 118, 126, 128, 136, 162, 168, 176, 178, 202, 208, 216, 218], "summary": {"covered_lines": 15, "num_statements": 22, "percent_covered": 68.18181818181819, "percent_covered_display": "68.18", "missing_lines": 7, "excluded_lines": 0}, "missing_lines": [94, 96, 102, 170, 172, 210, 212], "excluded_lines": []}, "": {"executed_lines": [2, 7, 8, 11, 12, 13, 16, 24, 26, 30, 36, 64, 106, 114, 122, 132, 140, 182, 226, 234, 274, 280, 284, 290, 294, 300, 304], "summary": {"covered_lines": 25, "num_statements": 25, "percent_covered": 100.0, "percent_covered_display": "100.00", "missing_lines": 0, "excluded_lines": 0}, "missing_lines": [], "excluded_lines": []}}}, "src/cost_tracker.py": {"executed_lines": [3, 4, 5, 6, 9, 10, 17, 26, 27, 28, 30, 31, 32, 33, 36, 37, 41, 43, 45, 46, 47, 48, 49, 50, 51, 52, 59, 66, 80, 82, 83, 84, 86, 88, 90, 92, 94, 96, 97, 99, 101, 102, 104, 115, 116, 122, 123, 130, 131, 137, 139, 186, 188, 206], "summary": {"covered_lines": 53, "num_statements": 87, "percent_covered": 60.91954022988506, "percent_covered_display": "60.92", "missing_lines": 34, "excluded_lines": 0}, "missing_lines": [54, 55, 56, 57, 61, 62, 63, 64, 68, 69, 75, 76, 77, 78, 124, 132, 154, 157, 158, 161, 162, 165, 168, 177, 180, 181, 183, 184, 208, 209, 212, 217, 218, 222], "excluded_lines": [], "functions": {"CostTracker.__init__": {"executed_lines": [26, 27, 28, 30, 31, 32, 33, 36, 37, 41], "summary": {"covered_lines": 10, "num_statements": 10, "percent_covered": 100.0, "percent_covered_display": "100.00", "missing_lines": 0, "excluded_lines": 0}, "missing_lines": [], "excluded_lines": []}, "CostTracker.load_data": {"executed_lines": [45, 46, 47, 48, 49, 50, 51, 52], "summary": {"covered_lines": 8, "num_statements": 12, "percent_covered": 66.66666666666667, "percent_covered_display": "66.67", "missing_lines": 4, "excluded_lines": 0}, "missing_lines": [54, 55, 56, 57], "excluded_lines": []}, "CostTracker.reset_data": {"executed_lines": [], "summary": {"covered_lines": 0, "num_statements": 4, "percent_covered": 0.0, "percent_covered_display": "0.00", "missing_lines": 4, "excluded_lines": 0}, "missing_lines": [61, 62, 63, 64], "excluded_lines": []}, "CostTracker.save_data": {"executed_lines": [], "summary": {"covered_lines": 0, "num_statements": 6, "percent_covered": 0.0, "percent_covered_display": "0.00", "missing_lines": 6, "excluded_lines": 0}, "missing_lines": [68, 69, 75, 76, 77, 78], "excluded_lines": []}, "CostTracker.estimate_cost": {"executed_lines": [82, 83, 84], "summary": {"covered_lines": 3, "num_statements": 3, "percent_covered": 100.0, "percent_covered_display": "100.00", "missing_lines": 0, "excluded_lines": 0}, "missing_lines": [], "excluded_lines": []}, "CostTracker.get_today_key": {"executed_lines": [88], "summary": {"covered_lines": 1, "num_statements": 1, "percent_covered": 100.0, "percent_covered_display": "100.00", "missing_lines": 0, "excluded_lines": 0}, "missing_lines": [], "excluded_lines": []}, "CostTracker.get_hour_key": {"executed_lines": [92], "summary": {"covered_lines": 1, "num_statements": 1, "percent_covered": 100.0, "percent_covered_display": "100.00", "missing_lines": 0, "excluded_lines": 0}, "missing_lines": [], "excluded_lines": []}, "CostTracker.get_daily_spent": {"executed_lines": [96, 97], "summary": {"covered_lines": 2, "num_statements": 2, "percent_covered": 100.0, "percent_covered_display": "100.00", "missing_lines": 0, "excluded_lines": 0}, "missing_lines": [], "excluded_lines": []}, "CostTracker.get_hourly_spent": {"executed_lines": [101, 102], "summary": {"covered_lines": 2, "num_statements": 2, "percent_covered": 100.0, "percent_covered_display": "100.00", "missing_lines": 0, "excluded_lines": 0}, "missing_lines": [], "excluded_lines": []}, "CostTracker.can_make_call": {"executed_lines": [115, 116, 122, 123, 130, 131, 137], "summary": {"covered_lines": 7, "num_statements": 9, "percent_covered": 77.77777777777777, "percent_covered_display": "77.78", "missing_lines": 2, "excluded_lines": 0}, "missing_lines": [124, 132], "excluded_lines": []}, "CostTracker.record_call": {"executed_lines": [], "summary": {"covered_lines": 0, "num_statements": 12, "percent_covered": 0.0, "percent_covered_display": "0.00", "missing_lines": 12, "excluded_lines": 0}, "missing_lines": [154, 157, 158, 161, 162, 165, 168, 177, 180, 181, 183, 184], "excluded_lines": []}, "CostTracker.get_status": {"executed_lines": [188], "summary": {"covered_lines": 1, "num_statements": 1, "percent_covered": 100.0, "percent_covered_display": "100.00", "missing_lines": 0, "excluded_lines": 0}, "missing_lines": [], "excluded_lines": []}, "CostTracker.cleanup_old_data": {"executed_lines": [], "summary": {"covered_lines": 0, "num_statements": 6, "percent_covered": 0.0, "percent_covered_display": "0.00", "missing_lines": 6, "excluded_lines": 0}, "missing_lines": [208, 209, 212, 217, 218, 222], "excluded_lines": []}, "": {"executed_lines": [3, 4, 5, 6, 9, 10, 17, 43, 59, 66, 80, 86, 90, 94, 99, 104, 139, 186, 206], "summary": {"covered_lines": 18, "num_statements": 18, "percent_covered": 100.0, "percent_covered_display": "100.00", "missing_lines": 0, "excluded_lines": 0}, "missing_lines": [], "excluded_lines": []}}, "classes": {"CostTracker": {"executed_lines": [26, 27, 28, 30, 31, 32, 33, 36, 37, 41, 45, 46, 47, 48, 49, 50, 51, 52, 82, 83, 84, 88, 92, 96, 97, 101, 102, 115, 116, 122, 123, 130, 131, 137, 188], "summary": {"covered_lines": 35, "num_statements": 69, "percent_covered": 50.72463768115942, "percent_covered_display": "50.72", "missing_lines": 34, "excluded_lines": 0}, "missing_lines": [54, 55, 56, 57, 61, 62, 63, 64, 68, 69, 75, 76, 77, 78, 124, 132, 154, 157, 158, 161, 162, 165, 168, 177, 180, 181, 183, 184, 208, 209, 212, 217, 218, 222], "excluded_lines": []}, "": {"executed_lines": [3, 4, 5, 6, 9, 10, 17, 43, 59, 66, 80, 86, 90, 94, 99, 104, 139, 186, 206], "summary": {"covered_lines": 18, "num_statements": 18, "percent_covered": 100.0, "percent_covered_display": "100.00", "missing_lines": 0, "excluded_lines": 0}, "missing_lines": [], "excluded_lines": []}}}, "src/database.py": {"executed_lines": [2, 7, 8, 9, 10, 11, 12, 13, 14, 15, 16, 17, 20, 22, 23, 24, 26, 27, 28, 29, 30, 31, 32, 33, 34, 35, 36, 37, 38, 39, 40, 41, 42, 43, 44, 46, 70, 71, 73, 74, 76, 77, 78, 80, 81, 82, 86, 88, 89, 91, 92, 94, 95, 96, 97, 102, 104, 106, 108, 111, 112, 113, 114, 115, 117, 119, 120, 121, 123, 125, 127, 130, 131, 132, 134, 140, 141, 143, 153, 164, 168, 178, 188, 217, 219, 222, 224, 227, 228, 229, 230, 232, 236], "summary": {"covered_lines": 90, "num_statements": 121, "percent_covered": 74.3801652892562, "percent_covered_display": "74.38", "missing_lines": 31, "excluded_lines": 0}, "missing_lines": [48, 98, 99, 100, 109, 145, 146, 151, 155, 156, 162, 166, 170, 171, 176, 180, 181, 182, 190, 192, 193, 197, 200, 203, 205, 208, 210, 234, 239, 240, 241], "excluded_lines": [], "functions": {"Task.to_dict": {"executed_lines": [], "summary": {"covered_lines": 0, "num_statements": 1, "percent_covered": 0.0, "percent_covered_display": "0.00", "missing_lines": 1, "excluded_lines": 0}, "missing_lines": [48], "excluded_lines": []}, "DatabaseManager.__init__": {"executed_lines": [74, 76, 77, 78, 80, 81, 82], "summary": {"covered_lines": 7, "num_statements": 7, "percent_covered": 100.0, "percent_covered_display": "100.00", "missing_lines": 0, "excluded_lines": 0}, "missing_lines": [], "excluded_lines": []}, "DatabaseManager.init_database": {"executed_lines": [88, 89], "summary": {"covered_lines": 2, "num_statements": 2, "percent_covered": 100.0, "percent_covered_display": "100.00", "missing_lines": 0, "excluded_lines": 0}, "missing_lines": [], "excluded_lines": []}, "DatabaseManager.get_session": {"executed_lines": [94, 95, 96, 97, 102], "summary": {"covered_lines": 5, "num_statements": 8, "percent_covered": 62.5, "percent_covered_display": "62.50", "missing_lines": 3, "excluded_lines": 0}, "missing_lines": [98, 99, 100], "excluded_lines": []}, "DatabaseManager.create_task": {"executed_lines": [106, 108, 111, 112, 113, 114, 115], "summary": {"covered_lines": 7, "num_statements": 8, "percent_covered": 87.5, "percent_covered_display": "87.50", "missing_lines": 1, "excluded_lines": 0}, "missing_lines": [109], "excluded_lines": []}, "DatabaseManager.get_task": {"executed_lines": [119, 120, 121], "summary": {"covered_lines": 3, "num_statements": 3, "percent_covered": 100.0, "percent_covered_display": "100.00", "missing_lines": 0, "excluded_lines": 0}, "missing_lines": [], "excluded_lines": []}, "DatabaseManager.update_task": {"executed_lines": [125, 127, 130, 131, 132, 134, 140, 141], "summary": {"covered_lines": 8, "num_statements": 8, "percent_covered": 100.0, "percent_covered_display": "100.00", "missing_lines": 0, "excluded_lines": 0}, "missing_lines": [], "excluded_lines": []}, "DatabaseManager.get_active_tasks": {"executed_lines": [], "summary": {"covered_lines": 0, "num_statements": 3, "percent_covered": 0.0, "percent_covered_display": "0.00", "missing_lines": 3, "excluded_lines": 0}, "missing_lines": [145, 146, 151], "excluded_lines": []}, "DatabaseManager.get_completed_tasks": {"executed_lines": [], "summary": {"covered_lines": 0, "num_statements": 3, "percent_covered": 0.0, "percent_covered_display": "0.00", "missing_lines": 3, "excluded_lines": 0}, "missing_lines": [155, 156, 162], "excluded_lines": []}, "DatabaseManager.mark_task_inactive": {"executed_lines": [], "summary": {"covered_lines": 0, "num_statements": 1, "percent_covered": 0.0, "percent_covered_display": "0.00", "missing_lines": 1, "excluded_lines": 0}, "missing_lines": [166], "excluded_lines": []}, "DatabaseManager.get_all_tasks": {"executed_lines": [], "summary": {"covered_lines": 0, "num_statements": 3, "percent_covered": 0.0, "percent_covered_display": "0.00", "missing_lines": 3, "excluded_lines": 0}, "missing_lines": [170, 171, 176], "excluded_lines": []}, "DatabaseManager.delete_old_tasks": {"executed_lines": [], "summary": {"covered_lines": 0, "num_statements": 3, "percent_covered": 0.0, "percent_covered_display": "0.00", "missing_lines": 3, "excluded_lines": 0}, "missing_lines": [180, 181, 182], "excluded_lines": []}, "DatabaseManager.get_task_statistics": {"executed_lines": [], "summary": {"covered_lines": 0, "num_statements": 9, "percent_covered": 0.0, "percent_covered_display": "0.00", "missing_lines": 9, "excluded_lines": 0}, "missing_lines": [190, 192, 193, 197, 200, 203, 205, 208, 210], "excluded_lines": []}, "DatabaseManager.close": {"executed_lines": [219], "summary": {"covered_lines": 1, "num_statements": 1, "percent_covered": 100.0, "percent_covered_display": "100.00", "missing_lines": 0, "excluded_lines": 0}, "missing_lines": [], "excluded_lines": []}, "get_database": {"executed_lines": [227, 228, 229, 230], "summary": {"covered_lines": 4, "num_statements": 4, "percent_covered": 100.0, "percent_covered_display": "100.00", "missing_lines": 0, "excluded_lines": 0}, "missing_lines": [], "excluded_lines": []}, "init_database": {"executed_lines": [], "summary": {"covered_lines": 0, "num_statements": 1, "percent_covered": 0.0, "percent_covered_display": "0.00", "missing_lines": 1, "excluded_lines": 0}, "missing_lines": [234], "excluded_lines": []}, "close_database": {"executed_lines": [], "summary": {"covered_lines": 0, "num_statements": 3, "percent_covered": 0.0, "percent_covered_display": "0.00", "missing_lines": 3, "excluded_lines": 0}, "missing_lines": [239, 240, 241], "excluded_lines": []}, "": {"executed_lines": [2, 7, 8, 9, 10, 11, 12, 13, 14, 15, 16, 17, 20, 22, 23, 24, 26, 27, 28, 29, 30, 31, 32, 33, 34, 35, 36, 37, 38, 39, 40, 41, 42, 43, 44, 46, 70, 71, 73, 86, 91, 92, 104, 117, 123, 143, 153, 164, 168, 178, 188, 217, 222, 224, 232, 236], "summary": {"covered_lines": 53, "num_statements": 53, "percent_covered": 100.0, "percent_covered_display": "100.00", "missing_lines": 0, "excluded_lines": 0}, "missing_lines": [], "excluded_lines": []}}, "classes": {"Task": {"executed_lines": [], "summary": {"covered_lines": 0, "num_statements": 1, "percent_covered": 0.0, "percent_covered_display": "0.00", "missing_lines": 1, "excluded_lines": 0}, "missing_lines": [48], "excluded_lines": []}, "DatabaseManager": {"executed_lines": [74, 76, 77, 78, 80, 81, 82, 88, 89, 94, 95, 96, 97, 102, 106, 108, 111, 112, 113, 114, 115, 119, 120, 121, 125, 127, 130, 131, 132, 134, 140, 141, 219], "summary": {"covered_lines": 33, "num_statements": 59, "percent_covered": 55.932203389830505, "percent_covered_display": "55.93", "missing_lines": 26, "excluded_lines": 0}, "missing_lines": [98, 99, 100, 109, 145, 146, 151, 155, 156, 162, 166, 170, 171, 176, 180, 181, 182, 190, 192, 193, 197, 200, 203, 205, 208, 210], "excluded_lines": []}, "": {"executed_lines": [2, 7, 8, 9, 10, 11, 12, 13, 14, 15, 16, 17, 20, 22, 23, 24, 26, 27, 28, 29, 30, 31, 32, 33, 34, 35, 36, 37, 38, 39, 40, 41, 42, 43, 44, 46, 70, 71, 73, 86, 91, 92, 104, 117, 123, 143, 153, 164, 168, 178, 188, 217, 222, 224, 227, 228, 229, 230, 232, 236], "summary": {"covered_lines": 57, "num_statements": 61, "percent_covered": 93.44262295081967, "percent_covered_display": "93.44", "missing_lines": 4, "excluded_lines": 0}, "missing_lines": [234, 239, 240, 241], "excluded_lines": []}}}, "src/pr_reviewers.py": {"executed_lines": [2, 12, 13, 14, 15, 16, 17, 18, 19, 21, 24, 25, 26, 28, 29, 30, 31, 32, 35, 36, 38, 39, 40, 41, 43, 45, 46, 47, 48, 50, 52, 53, 54, 55, 61, 63, 204, 208, 209, 211, 212, 214, 215, 218, 219, 224, 228, 231, 232, 234, 235, 238, 239, 244, 246, 255, 257, 260, 261, 262, 263, 264, 266, 269, 270, 272, 275, 277, 281, 282, 284, 285, 289, 290, 296, 301, 310, 313, 315, 320, 321, 324, 325, 330, 334, 341, 360, 361, 367, 369, 370, 372, 373, 380, 388, 389, 392, 393, 396, 397, 401, 402, 405, 406, 408, 409, 410, 411, 415, 417, 419, 426, 427, 432, 435, 436, 439, 444, 446, 449, 466, 476, 482, 483, 496, 501, 503, 510, 511, 512, 513, 515, 525, 527, 536, 540, 543, 547], "summary": {"covered_lines": 135, "num_statements": 159, "percent_covered": 84.90566037735849, "percent_covered_display": "84.91", "missing_lines": 24, "excluded_lines": 0}, "missing_lines": [220, 221, 222, 229, 240, 241, 242, 258, 273, 298, 299, 311, 326, 327, 328, 335, 394, 398, 450, 455, 458, 461, 464, 489], "excluded_lines": [], "functions": {"PRReviewSystem.__init__": {"executed_lines": [39, 40, 41], "summary": {"covered_lines": 3, "num_statements": 3, "percent_covered": 100.0, "percent_covered_display": "100.00", "missing_lines": 0, "excluded_lines": 0}, "missing_lines": [], "excluded_lines": []}, "PRReviewSystem._get_anthropic_client": {"executed_lines": [45, 46, 47, 48], "summary": {"covered_lines": 4, "num_statements": 4, "percent_covered": 100.0, "percent_covered_display": "100.00", "missing_lines": 0, "excluded_lines": 0}, "missing_lines": [], "excluded_lines": []}, "PRReviewSystem._get_github_headers": {"executed_lines": [52, 53, 54, 55], "summary": {"covered_lines": 4, "num_statements": 4, "percent_covered": 100.0, "percent_covered_display": "100.00", "missing_lines": 0, "excluded_lines": 0}, "missing_lines": [], "excluded_lines": []}, "PRReviewSystem._define_reviewer_personas": {"executed_lines": [63], "summary": {"covered_lines": 1, "num_statements": 1, "percent_covered": 100.0, "percent_covered_display": "100.00", "missing_lines": 0, "excluded_lines": 0}, "missing_lines": [], "excluded_lines": []}, "PRReviewSystem.get_pr_details": {"executed_lines": [208, 209, 211, 212, 214, 215, 218, 219], "summary": {"covered_lines": 8, "num_statements": 11, "percent_covered": 72.72727272727273, "percent_covered_display": "72.73", "missing_lines": 3, "excluded_lines": 0}, "missing_lines": [220, 221, 222], "excluded_lines": []}, "PRReviewSystem.get_pr_files": {"executed_lines": [228, 231, 232, 234, 235, 238, 239], "summary": {"covered_lines": 7, "num_statements": 11, "percent_covered": 63.63636363636363, "percent_covered_display": "63.64", "missing_lines": 4, "excluded_lines": 0}, "missing_lines": [229, 240, 241, 242], "excluded_lines": []}, "PRReviewSystem._format_pr_info": {"executed_lines": [246], "summary": {"covered_lines": 1, "num_statements": 1, "percent_covered": 100.0, "percent_covered_display": "100.00", "missing_lines": 0, "excluded_lines": 0}, "missing_lines": [], "excluded_lines": []}, "PRReviewSystem._format_file_changes": {"executed_lines": [257, 260, 261, 262, 263, 264, 266, 269, 270, 272, 275], "summary": {"covered_lines": 11, "num_statements": 13, "percent_covered": 84.61538461538461, "percent_covered_display": "84.62", "missing_lines": 2, "excluded_lines": 0}, "missing_lines": [258, 273], "excluded_lines": []}, "PRReviewSystem.generate_review": {"executed_lines": [281, 282, 284, 285, 289, 290, 296], "summary": {"covered_lines": 7, "num_statements": 9, "percent_covered": 77.77777777777777, "percent_covered_display": "77.78", "missing_lines": 2, "excluded_lines": 0}, "missing_lines": [298, 299], "excluded_lines": []}, "PRReviewSystem.post_review_comment": {"executed_lines": [310, 313, 315, 320, 321, 324, 325], "summary": {"covered_lines": 7, "num_statements": 11, "percent_covered": 63.63636363636363, "percent_covered_display": "63.64", "missing_lines": 4, "excluded_lines": 0}, "missing_lines": [311, 326, 327, 328], "excluded_lines": []}, "PRReviewSystem.analyze_review_sentiment": {"executed_lines": [334, 341, 360, 361, 367, 369, 370, 372, 373], "summary": {"covered_lines": 9, "num_statements": 10, "percent_covered": 90.0, "percent_covered_display": "90.00", "missing_lines": 1, "excluded_lines": 0}, "missing_lines": [335], "excluded_lines": []}, "PRReviewSystem.conduct_multi_role_review": {"executed_lines": [388, 389, 392, 393, 396, 397, 401, 402, 405, 406, 408, 409, 410, 411, 415, 417, 419, 426, 427, 432, 435, 436, 439, 444, 446, 449, 466], "summary": {"covered_lines": 27, "num_statements": 34, "percent_covered": 79.41176470588235, "percent_covered_display": "79.41", "missing_lines": 7, "excluded_lines": 0}, "missing_lines": [394, 398, 450, 455, 458, 461, 464], "excluded_lines": []}, "PRReviewSystem._create_consolidated_review_with_decision": {"executed_lines": [482, 483, 496, 501, 503, 510, 511, 512, 513, 515, 525, 527, 536], "summary": {"covered_lines": 13, "num_statements": 14, "percent_covered": 92.85714285714286, "percent_covered_display": "92.86", "missing_lines": 1, "excluded_lines": 0}, "missing_lines": [489], "excluded_lines": []}, "review_pr_with_multiple_roles": {"executed_lines": [547], "summary": {"covered_lines": 1, "num_statements": 1, "percent_covered": 100.0, "percent_covered_display": "100.00", "missing_lines": 0, "excluded_lines": 0}, "missing_lines": [], "excluded_lines": []}, "": {"executed_lines": [2, 12, 13, 14, 15, 16, 17, 18, 19, 21, 24, 25, 26, 28, 29, 30, 31, 32, 35, 36, 38, 43, 50, 61, 204, 224, 244, 255, 277, 301, 330, 380, 476, 540, 543], "summary": {"covered_lines": 32, "num_statements": 32, "percent_covered": 100.0, "percent_covered_display": "100.00", "missing_lines": 0, "excluded_lines": 0}, "missing_lines": [], "excluded_lines": []}}, "classes": {"ReviewerPersona": {"executed_lines": [], "summary": {"covered_lines": 0, "num_statements": 0, "percent_covered": 100.0, "percent_covered_display": "100.00", "missing_lines": 0, "excluded_lines": 0}, "missing_lines": [], "excluded_lines": []}, "PRReviewSystem": {"executed_lines": [39, 40, 41, 45, 46, 47, 48, 52, 53, 54, 55, 63, 208, 209, 211, 212, 214, 215, 218, 219, 228, 231, 232, 234, 235, 238, 239, 246, 257, 260, 261, 262, 263, 264, 266, 269, 270, 272, 275, 281, 282, 284, 285, 289, 290, 296, 310, 313, 315, 320, 321, 324, 325, 334, 341, 360, 361, 367, 369, 370, 372, 373, 388, 389, 392, 393, 396, 397, 401, 402, 405, 406, 408, 409, 410, 411, 415, 417, 419, 426, 427, 432, 435, 436, 439, 444, 446, 449, 466, 482, 483, 496, 501, 503, 510, 511, 512, 513, 515, 525, 527, 536], "summary": {"covered_lines": 102, "num_statements": 126, "percent_covered": 80.95238095238095, "percent_covered_display": "80.95", "missing_lines": 24, "excluded_lines": 0}, "missing_lines": [220, 221, 222, 229, 240, 241, 242, 258, 273, 298, 299, 311, 326, 327, 328, 335, 394, 398, 450, 455, 458, 461, 464, 489], "excluded_lines": []}, "": {"executed_lines": [2, 12, 13, 14, 15, 16, 17, 18, 19, 21, 24, 25, 26, 28, 29, 30, 31, 32, 35, 36, 38, 43, 50, 61, 204, 224, 244, 255, 277, 301, 330, 380, 476, 540, 543, 547], "summary": {"covered_lines": 33, "num_statements": 33, "percent_covered": 100.0, "percent_covered_display": "100.00", "missing_lines": 0, "excluded_lines": 0}, "missing_lines": [], "excluded_lines": []}}}, "src/summit.py": {"executed_lines": [3, 4, 5, 6, 7, 8, 9, 11, 12, 13, 14, 16, 19, 21, 23, 34, 37, 40, 48, 49, 50, 51, 52, 56, 58, 59, 60, 61, 68, 71, 72, 74, 75, 78, 79, 85, 86, 88, 89, 91, 96, 97, 99, 100, 104, 108, 111, 114, 115, 217, 221, 223, 224, 227, 228, 230, 232, 237, 240, 241, 243, 245, 249, 252, 254, 261, 269, 272, 274, 280, 281, 536, 543, 544, 545, 549, 551, 559, 560, 563, 565, 568, 577, 583, 585, 586, 589, 591, 592, 593, 595, 598, 599, 603, 609, 611, 612, 615, 617, 618, 619, 621, 624, 625, 629, 635, 637, 638, 641, 643, 644, 645, 648, 649, 651, 657, 659, 660, 663, 665, 666, 667, 669, 675, 677, 678, 681, 683, 684, 685, 687, 692, 701, 702, 707, 709, 717, 718, 721, 723, 724, 736, 740, 742, 743, 746, 747, 750, 752, 802, 803, 809, 815, 905, 915], "summary": {"covered_lines": 154, "num_statements": 273, "percent_covered": 56.41025641025641, "percent_covered_display": "56.41", "missing_lines": 119, "excluded_lines": 3}, "missing_lines": [24, 26, 101, 102, 117, 229, 250, 276, 277, 286, 287, 288, 290, 291, 293, 295, 297, 298, 299, 300, 302, 317, 319, 320, 323, 329, 342, 343, 345, 347, 348, 349, 350, 352, 353, 355, 357, 358, 359, 367, 372, 375, 378, 384, 394, 396, 397, 403, 404, 406, 409, 416, 417, 419, 420, 421, 426, 427, 428, 429, 431, 433, 435, 436, 442, 443, 444, 446, 447, 449, 451, 460, 480, 482, 489, 491, 492, 498, 499, 501, 502, 504, 506, 507, 508, 509, 512, 514, 523, 525, 526, 533, 579, 580, 587, 605, 606, 613, 631, 632, 639, 653, 654, 661, 671, 672, 679, 688, 689, 703, 732, 733, 748, 811, 812, 831, 902, 907, 908], "excluded_lines": [915, 916, 920], "functions": {"get_anthropic_client": {"executed_lines": [49, 50, 51, 52], "summary": {"covered_lines": 4, "num_statements": 4, "percent_covered": 100.0, "percent_covered_display": "100.00", "missing_lines": 0, "excluded_lines": 0}, "missing_lines": [], "excluded_lines": []}, "get_github_headers": {"executed_lines": [58, 59, 60, 61], "summary": {"covered_lines": 4, "num_statements": 4, "percent_covered": 100.0, "percent_covered_display": "100.00", "missing_lines": 0, "excluded_lines": 0}, "missing_lines": [], "excluded_lines": []}, "get_github_repo_info": {"executed_lines": [71, 72, 74, 75, 78, 79, 85, 86, 88, 89, 91, 96, 97, 99, 100, 104], "summary": {"covered_lines": 16, "num_statements": 18, "percent_covered": 88.88888888888889, "percent_covered_display": "88.89", "missing_lines": 2, "excluded_lines": 0}, "missing_lines": [101, 102], "excluded_lines": []}, "handle_list_tools": {"executed_lines": [], "summary": {"covered_lines": 0, "num_statements": 1, "percent_covered": 0.0, "percent_covered_display": "0.00", "missing_lines": 1, "excluded_lines": 0}, "missing_lines": [117], "excluded_lines": []}, "get_advice_from_claude": {"executed_lines": [221, 223, 224, 227, 228, 230, 232, 237, 240, 241, 243, 245, 249, 252, 254, 261, 269, 272, 274], "summary": {"covered_lines": 19, "num_statements": 23, "percent_covered": 82.6086956521739, "percent_covered_display": "82.61", "missing_lines": 4, "excluded_lines": 0}, "missing_lines": [229, 250, 276, 277], "excluded_lines": []}, "handle_call_tool": {"executed_lines": [], "summary": {"covered_lines": 0, "num_statements": 83, "percent_covered": 0.0, "percent_covered_display": "0.00", "missing_lines": 83, "excluded_lines": 0}, "missing_lines": [286, 287, 288, 290, 291, 293, 295, 297, 298, 299, 300, 302, 317, 319, 320, 323, 329, 342, 343, 345, 347, 348, 349, 350, 352, 353, 355, 357, 358, 359, 367, 372, 375, 378, 384, 394, 396, 397, 403, 404, 406, 409, 416, 417, 419, 420, 421, 426, 427, 428, 429, 431, 433, 435, 436, 442, 443, 444, 446, 447, 449, 451, 460, 480, 482, 489, 491, 492, 498, 499, 501, 502, 504, 506, 507, 508, 509, 512, 514, 523, 525, 526, 533], "excluded_lines": []}, "create_codespace": {"executed_lines": [543, 544, 545, 549, 551, 559, 560, 563, 565, 568, 577], "summary": {"covered_lines": 11, "num_statements": 13, "percent_covered": 84.61538461538461, "percent_covered_display": "84.62", "missing_lines": 2, "excluded_lines": 0}, "missing_lines": [579, 580], "excluded_lines": []}, "start_codespace": {"executed_lines": [585, 586, 589, 591, 592, 593, 595, 598, 599, 603], "summary": {"covered_lines": 10, "num_statements": 13, "percent_covered": 76.92307692307692, "percent_covered_display": "76.92", "missing_lines": 3, "excluded_lines": 0}, "missing_lines": [587, 605, 606], "excluded_lines": []}, "stop_codespace": {"executed_lines": [611, 612, 615, 617, 618, 619, 621, 624, 625, 629], "summary": {"covered_lines": 10, "num_statements": 13, "percent_covered": 76.92307692307692, "percent_covered_display": "76.92", "missing_lines": 3, "excluded_lines": 0}, "missing_lines": [613, 631, 632], "excluded_lines": []}, "delete_codespace": {"executed_lines": [637, 638, 641, 643, 644, 645, 648, 649, 651], "summary": {"covered_lines": 9, "num_statements": 12, "percent_covered": 75.0, "percent_covered_display": "75.00", "missing_lines": 3, "excluded_lines": 0}, "missing_lines": [639, 653, 654], "excluded_lines": []}, "get_codespace_status": {"executed_lines": [659, 660, 663, 665, 666, 667, 669], "summary": {"covered_lines": 7, "num_statements": 10, "percent_covered": 70.0, "percent_covered_display": "70.00", "missing_lines": 3, "excluded_lines": 0}, "missing_lines": [661, 671, 672], "excluded_lines": []}, "list_user_codespaces": {"executed_lines": [677, 678, 681, 683, 684, 685, 687], "summary": {"covered_lines": 7, "num_statements": 10, "percent_covered": 70.0, "percent_covered_display": "70.00", "missing_lines": 3, "excluded_lines": 0}, "missing_lines": [679, 688, 689], "excluded_lines": []}, "create_pull_request": {"executed_lines": [701, 702, 707, 709, 717, 718, 721, 723, 724], "summary": {"covered_lines": 9, "num_statements": 12, "percent_covered": 75.0, "percent_covered_display": "75.00", "missing_lines": 3, "excluded_lines": 0}, "missing_lines": [703, 732, 733], "excluded_lines": []}, "plan_capability_implementation": {"executed_lines": [740, 742, 743, 746, 747, 750, 752, 802, 803, 809], "summary": {"covered_lines": 10, "num_statements": 13, "percent_covered": 76.92307692307692, "percent_covered_display": "76.92", "missing_lines": 3, "excluded_lines": 0}, "missing_lines": [748, 811, 812], "excluded_lines": []}, "implement_capability_in_codespace": {"executed_lines": [], "summary": {"covered_lines": 0, "num_statements": 2, "percent_covered": 0.0, "percent_covered_display": "0.00", "missing_lines": 2, "excluded_lines": 0}, "missing_lines": [831, 902], "excluded_lines": []}, "main": {"executed_lines": [], "summary": {"covered_lines": 0, "num_statements": 2, "percent_covered": 0.0, "percent_covered_display": "0.00", "missing_lines": 2, "excluded_lines": 0}, "missing_lines": [907, 908], "excluded_lines": []}, "": {"executed_lines": [3, 4, 5, 6, 7, 8, 9, 11, 12, 13, 14, 16, 19, 21, 23, 34, 37, 40, 48, 56, 68, 108, 111, 114, 115, 217, 280, 281, 536, 583, 609, 635, 657, 675, 692, 736, 815, 905, 915], "summary": {"covered_lines": 38, "num_statements": 40, "percent_covered": 95.0, "percent_covered_display": "95.00", "missing_lines": 2, "excluded_lines": 3}, "missing_lines": [24, 26], "excluded_lines": [915, 916, 920]}}, "classes": {"": {"executed_lines": [3, 4, 5, 6, 7, 8, 9, 11, 12, 13, 14, 16, 19, 21, 23, 34, 37, 40, 48, 49, 50, 51, 52, 56, 58, 59, 60, 61, 68, 71, 72, 74, 75, 78, 79, 85, 86, 88, 89, 91, 96, 97, 99, 100, 104, 108, 111, 114, 115, 217, 221, 223, 224, 227, 228, 230, 232, 237, 240, 241, 243, 245, 249, 252, 254, 261, 269, 272, 274, 280, 281, 536, 543, 544, 545, 549, 551, 559, 560, 563, 565, 568, 577, 583, 585, 586, 589, 591, 592, 593, 595, 598, 599, 603, 609, 611, 612, 615, 617, 618, 619, 621, 624, 625, 629, 635, 637, 638, 641, 643, 644, 645, 648, 649, 651, 657, 659, 660, 663, 665, 666, 667, 669, 675, 677, 678, 681, 683, 684, 685, 687, 692, 701, 702, 707, 709, 717, 718, 721, 723, 724, 736, 740, 742, 743, 746, 747, 750, 752, 802, 803, 809, 815, 905, 915], "summary": {"covered_lines": 154, "num_statements": 273, "percent_covered": 56.41025641025641, "percent_covered_display": "56.41", "missing_lines": 119, "excluded_lines": 3}, "missing_lines": [24, 26, 101, 102, 117, 229, 250, 276, 277, 286, 287, 288, 290, 291, 293, 295, 297, 298, 299, 300, 302, 317, 319, 320, 323, 329, 342, 343, 345, 347, 348, 349, 350, 352, 353, 355, 357, 358, 359, 367, 372, 375, 378, 384, 394, 396, 397, 403, 404, 406, 409, 416, 417, 419, 420, 421, 426, 427, 428, 429, 431, 433, 435, 436, 442, 443, 444, 446, 447, 449, 451, 460, 480, 482, 489, 491, 492, 498, 499, 501, 502, 504, 506, 507, 508, 509, 512, 514, 523, 525, 526, 533, 579, 580, 587, 605, 606, 613, 631, 632, 639, 653, 654, 661, 671, 672, 679, 688, 689, 703, 732, 733, 748, 811, 812, 831, 902, 907, 908], "excluded_lines": [915, 916, 920]}}}, "src/task_manager.py": {"executed_lines": [2, 7, 8, 10, 12, 13, 14, 15, 16, 17, 18, 20, 22, 23, 24, 29, 31, 32, 37, 39, 40, 42, 44, 45, 49, 50, 51, 53, 55, 56, 57], "summary": {"covered_lines": 30, "num_statements": 33, "percent_covered": 90.9090909090909, "percent_covered_display": "90.91", "missing_lines": 3, "excluded_lines": 0}, "missing_lines": [25, 26, 27], "excluded_lines": [], "functions": {"update_task_status": {"executed_lines": [12, 13, 14, 15, 16, 17, 18], "summary": {"covered_lines": 7, "num_statements": 7, "percent_covered": 100.0, "percent_covered_display": "100.00", "missing_lines": 0, "excluded_lines": 0}, "missing_lines": [], "excluded_lines": []}, "add_task_log": {"executed_lines": [22, 23, 24], "summary": {"covered_lines": 3, "num_statements": 6, "percent_covered": 50.0, "percent_covered_display": "50.00", "missing_lines": 3, "excluded_lines": 0}, "missing_lines": [25, 26, 27], "excluded_lines": []}, "update_task_container_info": {"executed_lines": [31, 32], "summary": {"covered_lines": 2, "num_statements": 2, "percent_covered": 100.0, "percent_covered_display": "100.00", "missing_lines": 0, "excluded_lines": 0}, "missing_lines": [], "excluded_lines": []}, "update_task_log_file": {"executed_lines": [39, 40], "summary": {"covered_lines": 2, "num_statements": 2, "percent_covered": 100.0, "percent_covered_display": "100.00", "missing_lines": 0, "excluded_lines": 0}, "missing_lines": [], "excluded_lines": []}, "mark_task_completed": {"executed_lines": [44, 45, 49, 50, 51], "summary": {"covered_lines": 5, "num_statements": 5, "percent_covered": 100.0, "percent_covered_display": "100.00", "missing_lines": 0, "excluded_lines": 0}, "missing_lines": [], "excluded_lines": []}, "get_task_data": {"executed_lines": [55, 56, 57], "summary": {"covered_lines": 3, "num_statements": 3, "percent_covered": 100.0, "percent_covered_display": "100.00", "missing_lines": 0, "excluded_lines": 0}, "missing_lines": [], "excluded_lines": []}, "": {"executed_lines": [2, 7, 8, 10, 20, 29, 37, 42, 53], "summary": {"covered_lines": 8, "num_statements": 8, "percent_covered": 100.0, "percent_covered_display": "100.00", "missing_lines": 0, "excluded_lines": 0}, "missing_lines": [], "excluded_lines": []}}, "classes": {"": {"executed_lines": [2, 7, 8, 10, 12, 13, 14, 15, 16, 17, 18, 20, 22, 23, 24, 29, 31, 32, 37, 39, 40, 42, 44, 45, 49, 50, 51, 53, 55, 56, 57], "summary": {"covered_lines": 30, "num_statements": 33, "percent_covered": 90.9090909090909, "percent_covered_display": "90.91", "missing_lines": 3, "excluded_lines": 0}, "missing_lines": [25, 26, 27], "excluded_lines": []}}}}, "totals": {"covered_lines": 502, "num_statements": 720, "percent_covered": 69.72222222222223, "percent_covered_display": "69.72", "missing_lines": 218, "excluded_lines": 3}}